<?xml version="1.0" encoding="UTF-8"?>
<!-- Generated by org.testng.reporters.JUnitXMLReporter -->
<testsuite hostname="HYDGSI3DQXHR2" ignored="0" name="Default test" tests="5" failures="0" timestamp="2020-06-19T10:12:10 IST" time="0.044" errors="0">
  <testcase name="test1" time="0.006" classname="SkipE.DataProvider1"/>
  <testcase name="test2" time="0.001" classname="SkipE.DataProvider1"/>
  <testcase name="test2" time="0.0" classname="SkipE.DataProvider1"/>
  <testcase name="test2" time="0.002" classname="SkipE.DataProvider1"/>
  <testcase name="test3" time="0.001" classname="SkipE.DataProvider1"/>
</testsuite> <!-- Default test -->
