<?xml version="1.0" encoding="UTF-8"?>
<testng-results skipped="0" failed="0" ignored="0" total="5" passed="5">
  <reporter-output>
  </reporter-output>
  <suite name="Default suite" duration-ms="44" started-at="2020-06-19T10:12:10 IST" finished-at="2020-06-19T10:12:10 IST">
    <groups>
    </groups>
    <test name="Default test" duration-ms="44" started-at="2020-06-19T10:12:10 IST" finished-at="2020-06-19T10:12:10 IST">
      <class name="SkipE.DataProvider1">
        <test-method status="PASS" signature="test1()[pri:0, instance:SkipE.DataProvider1@67b92f0a]" name="test1" duration-ms="6" started-at="2020-06-19T10:12:10 IST" finished-at="2020-06-19T10:12:10 IST">
          <reporter-output>
          </reporter-output>
        </test-method> <!-- test1 -->
        <test-method status="PASS" signature="test2(java.lang.String, java.lang.String)[pri:0, instance:SkipE.DataProvider1@67b92f0a]" name="test2" duration-ms="1" started-at="2020-06-19T10:12:10 IST" data-provider="getData" finished-at="2020-06-19T10:12:10 IST">
          <params>
            <param index="0">
              <value>
                <![CDATA[Firstusername]]>
              </value>
            </param>
            <param index="1">
              <value>
                <![CDATA[FirstPassword]]>
              </value>
            </param>
          </params>
          <reporter-output>
          </reporter-output>
        </test-method> <!-- test2 -->
        <test-method status="PASS" signature="test2(java.lang.String, java.lang.String)[pri:0, instance:SkipE.DataProvider1@67b92f0a]" name="test2" duration-ms="0" started-at="2020-06-19T10:12:10 IST" data-provider="getData" finished-at="2020-06-19T10:12:10 IST">
          <params>
            <param index="0">
              <value>
                <![CDATA[Secondusername]]>
              </value>
            </param>
            <param index="1">
              <value>
                <![CDATA[secondpassword]]>
              </value>
            </param>
          </params>
          <reporter-output>
          </reporter-output>
        </test-method> <!-- test2 -->
        <test-method status="PASS" signature="test2(java.lang.String, java.lang.String)[pri:0, instance:SkipE.DataProvider1@67b92f0a]" name="test2" duration-ms="2" started-at="2020-06-19T10:12:10 IST" data-provider="getData" finished-at="2020-06-19T10:12:10 IST">
          <params>
            <param index="0">
              <value>
                <![CDATA[Thirdsuername]]>
              </value>
            </param>
            <param index="1">
              <value>
                <![CDATA[Thirdpassword]]>
              </value>
            </param>
          </params>
          <reporter-output>
          </reporter-output>
        </test-method> <!-- test2 -->
        <test-method status="PASS" signature="test3()[pri:0, instance:SkipE.DataProvider1@67b92f0a]" name="test3" duration-ms="1" started-at="2020-06-19T10:12:10 IST" finished-at="2020-06-19T10:12:10 IST">
          <reporter-output>
          </reporter-output>
        </test-method> <!-- test3 -->
      </class> <!-- SkipE.DataProvider1 -->
    </test> <!-- Default test -->
  </suite> <!-- Default suite -->
</testng-results>
